<?xml version="1.0" encoding="UTF-8"?>
<testsuite name="com.userreg.UserValidation" tests="1" skipped="0" failures="0" errors="0" timestamp="2019-11-22T13:46:58" hostname="admin1-desktop" time="0.001">
  <properties/>
  <testcase name="givenMobileNo_WhenProper_ShouldReturnTrue" classname="com.userreg.UserValidation" time="0.001"/>
  <system-out><![CDATA[]]></system-out>
  <system-err><![CDATA[]]></system-err>
</testsuite>
