<?xml version="1.0" encoding="UTF-8"?>
<testsuite name="com.userreg.UserValidation" tests="3" skipped="0" failures="0" errors="0" timestamp="2019-11-22T13:41:53" hostname="admin1-desktop" time="0.001">
  <properties/>
  <testcase name="givenFirstName_WhenProper_ShouldReturnTrue" classname="com.userreg.UserValidation" time="0.001"/>
  <testcase name="givenlastName_WhenProper_ShouldReturnTrue" classname="com.userreg.UserValidation" time="0.0"/>
  <testcase name="givenEmail_WhenProper_ShouldReturnTrue" classname="com.userreg.UserValidation" time="0.0"/>
  <system-out><![CDATA[]]></system-out>
  <system-err><![CDATA[]]></system-err>
</testsuite>
